
------------------------------------------------------------
Root project
------------------------------------------------------------

annotationProcessor - Annotation processors and their dependencies for source set 'main'.
No dependencies

apiElements - API elements for main. (n)
No dependencies

archives - Configuration for archive artifacts. (n)
No dependencies

compileClasspath - Compile classpath for source set 'main'.
+--- org.springframework.boot:spring-boot-starter-data-elasticsearch -> 1.5.15.RELEASE
|    +--- org.springframework.boot:spring-boot-starter:1.5.15.RELEASE
|    |    +--- org.springframework.boot:spring-boot:1.5.15.RELEASE
|    |    |    +--- org.springframework:spring-core:4.3.18.RELEASE
|    |    |    \--- org.springframework:spring-context:4.3.18.RELEASE
|    |    |         +--- org.springframework:spring-aop:4.3.18.RELEASE
|    |    |         |    +--- org.springframework:spring-beans:4.3.18.RELEASE
|    |    |         |    |    \--- org.springframework:spring-core:4.3.18.RELEASE
|    |    |         |    \--- org.springframework:spring-core:4.3.18.RELEASE
|    |    |         +--- org.springframework:spring-beans:4.3.18.RELEASE (*)
|    |    |         +--- org.springframework:spring-core:4.3.18.RELEASE
|    |    |         \--- org.springframework:spring-expression:4.3.18.RELEASE
|    |    |              \--- org.springframework:spring-core:4.3.18.RELEASE
|    |    +--- org.springframework.boot:spring-boot-autoconfigure:1.5.15.RELEASE
|    |    |    \--- org.springframework.boot:spring-boot:1.5.15.RELEASE (*)
|    |    +--- org.springframework.boot:spring-boot-starter-logging:1.5.15.RELEASE
|    |    |    +--- ch.qos.logback:logback-classic:1.1.11
|    |    |    |    +--- ch.qos.logback:logback-core:1.1.11
|    |    |    |    \--- org.slf4j:slf4j-api:1.7.22 -> 1.7.25
|    |    |    +--- org.slf4j:jcl-over-slf4j:1.7.25
|    |    |    |    \--- org.slf4j:slf4j-api:1.7.25
|    |    |    +--- org.slf4j:jul-to-slf4j:1.7.25
|    |    |    |    \--- org.slf4j:slf4j-api:1.7.25
|    |    |    \--- org.slf4j:log4j-over-slf4j:1.7.25
|    |    |         \--- org.slf4j:slf4j-api:1.7.25
|    |    \--- org.springframework:spring-core:4.3.18.RELEASE
|    \--- org.springframework.data:spring-data-elasticsearch:2.1.14.RELEASE
|         +--- org.springframework:spring-context:4.3.18.RELEASE (*)
|         +--- org.springframework:spring-tx:4.3.18.RELEASE
|         |    +--- org.springframework:spring-beans:4.3.18.RELEASE (*)
|         |    \--- org.springframework:spring-core:4.3.18.RELEASE
|         +--- org.springframework.data:spring-data-commons:1.13.14.RELEASE
|         |    +--- org.springframework:spring-core:4.3.18.RELEASE
|         |    +--- org.springframework:spring-beans:4.3.18.RELEASE (*)
|         |    \--- org.slf4j:slf4j-api:1.7.25
|         +--- commons-lang:commons-lang:2.6
|         +--- joda-time:joda-time:2.9.9
|         +--- org.elasticsearch:elasticsearch:2.4.0 -> 2.4.6
|         |    +--- org.apache.lucene:lucene-core:5.5.4
|         |    +--- org.apache.lucene:lucene-backward-codecs:5.5.4
|         |    |    \--- org.apache.lucene:lucene-core:5.5.4
|         |    +--- org.apache.lucene:lucene-analyzers-common:5.5.4
|         |    |    \--- org.apache.lucene:lucene-core:5.5.4
|         |    +--- org.apache.lucene:lucene-queries:5.5.4
|         |    |    \--- org.apache.lucene:lucene-core:5.5.4
|         |    +--- org.apache.lucene:lucene-memory:5.5.4
|         |    |    \--- org.apache.lucene:lucene-core:5.5.4
|         |    +--- org.apache.lucene:lucene-highlighter:5.5.4
|         |    |    +--- org.apache.lucene:lucene-analyzers-common:5.5.4 (*)
|         |    |    +--- org.apache.lucene:lucene-core:5.5.4
|         |    |    +--- org.apache.lucene:lucene-join:5.5.4
|         |    |    |    +--- org.apache.lucene:lucene-core:5.5.4
|         |    |    |    \--- org.apache.lucene:lucene-grouping:5.5.4
|         |    |    +--- org.apache.lucene:lucene-memory:5.5.4 (*)
|         |    |    \--- org.apache.lucene:lucene-queries:5.5.4 (*)
|         |    +--- org.apache.lucene:lucene-queryparser:5.5.4
|         |    |    +--- org.apache.lucene:lucene-core:5.5.4
|         |    |    +--- org.apache.lucene:lucene-queries:5.5.4 (*)
|         |    |    \--- org.apache.lucene:lucene-sandbox:5.5.4
|         |    +--- org.apache.lucene:lucene-suggest:5.5.4
|         |    |    +--- org.apache.lucene:lucene-analyzers-common:5.5.4 (*)
|         |    |    +--- org.apache.lucene:lucene-core:5.5.4
|         |    |    +--- org.apache.lucene:lucene-misc:5.5.4
|         |    |    \--- org.apache.lucene:lucene-queries:5.5.4 (*)
|         |    +--- org.apache.lucene:lucene-join:5.5.4 (*)
|         |    +--- org.apache.lucene:lucene-spatial:5.5.4
|         |    |    +--- org.apache.lucene:lucene-core:5.5.4
|         |    |    +--- org.apache.lucene:lucene-misc:5.5.4
|         |    |    +--- org.apache.lucene:lucene-queries:5.5.4 (*)
|         |    |    +--- org.apache.lucene:lucene-spatial3d:5.5.4
|         |    |    \--- com.spatial4j:spatial4j:0.5
|         |    +--- com.google.guava:guava:18.0 -> 21.0
|         |    +--- org.elasticsearch:securesm:1.0
|         |    +--- com.carrotsearch:hppc:0.7.1
|         |    +--- joda-time:joda-time:2.9.5 -> 2.9.9
|         |    +--- com.fasterxml.jackson.core:jackson-core:2.8.1 -> 2.8.11
|         |    +--- com.fasterxml.jackson.dataformat:jackson-dataformat-smile:2.8.1 -> 2.8.11
|         |    |    \--- com.fasterxml.jackson.core:jackson-core:2.8.11
|         |    +--- com.fasterxml.jackson.dataformat:jackson-dataformat-yaml:2.8.1 -> 2.8.11
|         |    |    +--- com.fasterxml.jackson.core:jackson-core:2.8.11
|         |    |    \--- org.yaml:snakeyaml:1.17
|         |    +--- com.fasterxml.jackson.dataformat:jackson-dataformat-cbor:2.8.1 -> 2.8.11
|         |    |    \--- com.fasterxml.jackson.core:jackson-core:2.8.11
|         |    +--- org.yaml:snakeyaml:1.15 -> 1.17
|         |    +--- io.netty:netty:3.10.6.Final
|         |    +--- com.ning:compress-lzf:1.0.2
|         |    +--- com.tdunning:t-digest:3.0
|         |    +--- org.hdrhistogram:HdrHistogram:2.1.6
|         |    +--- commons-cli:commons-cli:1.3.1
|         |    \--- com.twitter:jsr166e:1.1.0
|         +--- com.fasterxml.jackson.core:jackson-core:2.8.11
|         +--- com.fasterxml.jackson.core:jackson-databind:2.8.11.2
|         |    +--- com.fasterxml.jackson.core:jackson-annotations:2.8.0
|         |    \--- com.fasterxml.jackson.core:jackson-core:2.8.10 -> 2.8.11
|         \--- org.slf4j:slf4j-api:1.7.25
+--- io.searchbox:jest:5.3.3
|    +--- io.searchbox:jest-common:5.3.3
|    |    +--- com.google.guava:guava:21.0
|    |    \--- com.google.code.gson:gson:2.8.0 -> 2.8.5
|    +--- org.apache.httpcomponents:httpcore-nio:4.4.6
|    |    \--- org.apache.httpcomponents:httpcore:4.4.6 -> 4.4.10
|    +--- org.apache.httpcomponents:httpclient:4.5.3 -> 4.5.6
|    |    \--- commons-codec:commons-codec:1.10
|    +--- org.apache.httpcomponents:httpasyncclient:4.1.3
|    \--- org.slf4j:slf4j-api:1.7.25
+--- net.java.dev.jna:jna:4.5.1
+--- com.101tec:zkclient:0.10
|    +--- org.slf4j:slf4j-api:1.6.1 -> 1.7.25
|    \--- org.apache.zookeeper:zookeeper:3.4.8 -> 3.4.9
|         +--- org.slf4j:slf4j-api:1.6.1 -> 1.7.25
|         +--- org.slf4j:slf4j-log4j12:1.6.1 -> 1.7.25
|         +--- log4j:log4j:1.2.16
|         +--- jline:jline:0.9.94
|         \--- io.netty:netty:3.10.5.Final -> 3.10.6.Final
+--- org.apache.zookeeper:zookeeper:3.4.9 (*)
\--- org.springframework.boot:spring-boot-starter-web -> 1.5.15.RELEASE
     +--- org.springframework.boot:spring-boot-starter:1.5.15.RELEASE (*)
     +--- org.springframework.boot:spring-boot-starter-tomcat:1.5.15.RELEASE
     |    +--- org.apache.tomcat.embed:tomcat-embed-core:8.5.32
     |    |    \--- org.apache.tomcat:tomcat-annotations-api:8.5.32
     |    +--- org.apache.tomcat.embed:tomcat-embed-el:8.5.32
     |    \--- org.apache.tomcat.embed:tomcat-embed-websocket:8.5.32
     |         \--- org.apache.tomcat.embed:tomcat-embed-core:8.5.32 (*)
     +--- org.hibernate:hibernate-validator:5.3.6.Final
     |    +--- javax.validation:validation-api:1.1.0.Final
     |    +--- org.jboss.logging:jboss-logging:3.3.0.Final -> 3.3.2.Final
     |    \--- com.fasterxml:classmate:1.3.1 -> 1.3.4
     +--- com.fasterxml.jackson.core:jackson-databind:2.8.11.2 (*)
     +--- org.springframework:spring-web:4.3.18.RELEASE
     |    +--- org.springframework:spring-aop:4.3.18.RELEASE (*)
     |    +--- org.springframework:spring-beans:4.3.18.RELEASE (*)
     |    +--- org.springframework:spring-context:4.3.18.RELEASE (*)
     |    \--- org.springframework:spring-core:4.3.18.RELEASE
     \--- org.springframework:spring-webmvc:4.3.18.RELEASE
          +--- org.springframework:spring-aop:4.3.18.RELEASE (*)
          +--- org.springframework:spring-beans:4.3.18.RELEASE (*)
          +--- org.springframework:spring-context:4.3.18.RELEASE (*)
          +--- org.springframework:spring-core:4.3.18.RELEASE
          +--- org.springframework:spring-expression:4.3.18.RELEASE (*)
          \--- org.springframework:spring-web:4.3.18.RELEASE (*)

compileOnly - Compile only dependencies for source set 'main'. (n)
No dependencies

default - Configuration for default artifacts. (n)
No dependencies

implementation - Implementation only dependencies for source set 'main'. (n)
\--- org.springframework.boot:spring-boot-starter-web (n)

runtimeClasspath - Runtime classpath of source set 'main'.
+--- org.springframework.boot:spring-boot-starter-data-elasticsearch -> 1.5.15.RELEASE
|    +--- org.springframework.boot:spring-boot-starter:1.5.15.RELEASE
|    |    +--- org.springframework.boot:spring-boot:1.5.15.RELEASE
|    |    |    +--- org.springframework:spring-core:4.3.18.RELEASE
|    |    |    \--- org.springframework:spring-context:4.3.18.RELEASE
|    |    |         +--- org.springframework:spring-aop:4.3.18.RELEASE
|    |    |         |    +--- org.springframework:spring-beans:4.3.18.RELEASE
|    |    |         |    |    \--- org.springframework:spring-core:4.3.18.RELEASE
|    |    |         |    \--- org.springframework:spring-core:4.3.18.RELEASE
|    |    |         +--- org.springframework:spring-beans:4.3.18.RELEASE (*)
|    |    |         +--- org.springframework:spring-core:4.3.18.RELEASE
|    |    |         \--- org.springframework:spring-expression:4.3.18.RELEASE
|    |    |              \--- org.springframework:spring-core:4.3.18.RELEASE
|    |    +--- org.springframework.boot:spring-boot-autoconfigure:1.5.15.RELEASE
|    |    |    \--- org.springframework.boot:spring-boot:1.5.15.RELEASE (*)
|    |    +--- org.springframework.boot:spring-boot-starter-logging:1.5.15.RELEASE
|    |    |    +--- ch.qos.logback:logback-classic:1.1.11
|    |    |    |    +--- ch.qos.logback:logback-core:1.1.11
|    |    |    |    \--- org.slf4j:slf4j-api:1.7.22 -> 1.7.25
|    |    |    +--- org.slf4j:jcl-over-slf4j:1.7.25
|    |    |    |    \--- org.slf4j:slf4j-api:1.7.25
|    |    |    +--- org.slf4j:jul-to-slf4j:1.7.25
|    |    |    |    \--- org.slf4j:slf4j-api:1.7.25
|    |    |    \--- org.slf4j:log4j-over-slf4j:1.7.25
|    |    |         \--- org.slf4j:slf4j-api:1.7.25
|    |    +--- org.springframework:spring-core:4.3.18.RELEASE
|    |    \--- org.yaml:snakeyaml:1.17
|    \--- org.springframework.data:spring-data-elasticsearch:2.1.14.RELEASE
|         +--- org.springframework:spring-context:4.3.18.RELEASE (*)
|         +--- org.springframework:spring-tx:4.3.18.RELEASE
|         |    +--- org.springframework:spring-beans:4.3.18.RELEASE (*)
|         |    \--- org.springframework:spring-core:4.3.18.RELEASE
|         +--- org.springframework.data:spring-data-commons:1.13.14.RELEASE
|         |    +--- org.springframework:spring-core:4.3.18.RELEASE
|         |    +--- org.springframework:spring-beans:4.3.18.RELEASE (*)
|         |    +--- org.slf4j:slf4j-api:1.7.25
|         |    \--- org.slf4j:jcl-over-slf4j:1.7.25 (*)
|         +--- commons-lang:commons-lang:2.6
|         +--- joda-time:joda-time:2.9.9
|         +--- org.elasticsearch:elasticsearch:2.4.0 -> 2.4.6
|         |    +--- org.apache.lucene:lucene-core:5.5.4
|         |    +--- org.apache.lucene:lucene-backward-codecs:5.5.4
|         |    |    \--- org.apache.lucene:lucene-core:5.5.4
|         |    +--- org.apache.lucene:lucene-analyzers-common:5.5.4
|         |    |    \--- org.apache.lucene:lucene-core:5.5.4
|         |    +--- org.apache.lucene:lucene-queries:5.5.4
|         |    |    \--- org.apache.lucene:lucene-core:5.5.4
|         |    +--- org.apache.lucene:lucene-memory:5.5.4
|         |    |    \--- org.apache.lucene:lucene-core:5.5.4
|         |    +--- org.apache.lucene:lucene-highlighter:5.5.4
|         |    |    +--- org.apache.lucene:lucene-analyzers-common:5.5.4 (*)
|         |    |    +--- org.apache.lucene:lucene-core:5.5.4
|         |    |    +--- org.apache.lucene:lucene-join:5.5.4
|         |    |    |    +--- org.apache.lucene:lucene-core:5.5.4
|         |    |    |    \--- org.apache.lucene:lucene-grouping:5.5.4
|         |    |    +--- org.apache.lucene:lucene-memory:5.5.4 (*)
|         |    |    \--- org.apache.lucene:lucene-queries:5.5.4 (*)
|         |    +--- org.apache.lucene:lucene-queryparser:5.5.4
|         |    |    +--- org.apache.lucene:lucene-core:5.5.4
|         |    |    +--- org.apache.lucene:lucene-queries:5.5.4 (*)
|         |    |    \--- org.apache.lucene:lucene-sandbox:5.5.4
|         |    +--- org.apache.lucene:lucene-suggest:5.5.4
|         |    |    +--- org.apache.lucene:lucene-analyzers-common:5.5.4 (*)
|         |    |    +--- org.apache.lucene:lucene-core:5.5.4
|         |    |    +--- org.apache.lucene:lucene-misc:5.5.4
|         |    |    \--- org.apache.lucene:lucene-queries:5.5.4 (*)
|         |    +--- org.apache.lucene:lucene-join:5.5.4 (*)
|         |    +--- org.apache.lucene:lucene-spatial:5.5.4
|         |    |    +--- org.apache.lucene:lucene-core:5.5.4
|         |    |    +--- org.apache.lucene:lucene-misc:5.5.4
|         |    |    +--- org.apache.lucene:lucene-queries:5.5.4 (*)
|         |    |    +--- org.apache.lucene:lucene-spatial3d:5.5.4
|         |    |    \--- com.spatial4j:spatial4j:0.5
|         |    +--- com.google.guava:guava:18.0 -> 21.0
|         |    +--- org.elasticsearch:securesm:1.0
|         |    +--- com.carrotsearch:hppc:0.7.1
|         |    +--- joda-time:joda-time:2.9.5 -> 2.9.9
|         |    +--- com.fasterxml.jackson.core:jackson-core:2.8.1 -> 2.8.11
|         |    +--- com.fasterxml.jackson.dataformat:jackson-dataformat-smile:2.8.1 -> 2.8.11
|         |    |    \--- com.fasterxml.jackson.core:jackson-core:2.8.11
|         |    +--- com.fasterxml.jackson.dataformat:jackson-dataformat-yaml:2.8.1 -> 2.8.11
|         |    |    +--- com.fasterxml.jackson.core:jackson-core:2.8.11
|         |    |    \--- org.yaml:snakeyaml:1.17
|         |    +--- com.fasterxml.jackson.dataformat:jackson-dataformat-cbor:2.8.1 -> 2.8.11
|         |    |    \--- com.fasterxml.jackson.core:jackson-core:2.8.11
|         |    +--- org.yaml:snakeyaml:1.15 -> 1.17
|         |    +--- io.netty:netty:3.10.6.Final
|         |    +--- com.ning:compress-lzf:1.0.2
|         |    +--- com.tdunning:t-digest:3.0
|         |    +--- org.hdrhistogram:HdrHistogram:2.1.6
|         |    +--- commons-cli:commons-cli:1.3.1
|         |    \--- com.twitter:jsr166e:1.1.0
|         +--- com.fasterxml.jackson.core:jackson-core:2.8.11
|         +--- com.fasterxml.jackson.core:jackson-databind:2.8.11.2
|         |    +--- com.fasterxml.jackson.core:jackson-annotations:2.8.0
|         |    \--- com.fasterxml.jackson.core:jackson-core:2.8.10 -> 2.8.11
|         +--- org.slf4j:slf4j-api:1.7.25
|         \--- org.slf4j:jcl-over-slf4j:1.7.25 (*)
+--- io.searchbox:jest:5.3.3
|    +--- io.searchbox:jest-common:5.3.3
|    |    +--- com.google.guava:guava:21.0
|    |    \--- com.google.code.gson:gson:2.8.0 -> 2.8.5
|    +--- org.apache.httpcomponents:httpcore-nio:4.4.6
|    |    \--- org.apache.httpcomponents:httpcore:4.4.6 -> 4.4.10
|    +--- org.apache.httpcomponents:httpclient:4.5.3 -> 4.5.6
|    |    \--- commons-codec:commons-codec:1.10
|    +--- org.apache.httpcomponents:httpasyncclient:4.1.3
|    \--- org.slf4j:slf4j-api:1.7.25
+--- net.java.dev.jna:jna:4.5.1
+--- com.101tec:zkclient:0.10
|    +--- org.slf4j:slf4j-api:1.6.1 -> 1.7.25
|    \--- org.apache.zookeeper:zookeeper:3.4.8 -> 3.4.9
|         +--- org.slf4j:slf4j-api:1.6.1 -> 1.7.25
|         +--- org.slf4j:slf4j-log4j12:1.6.1 -> 1.7.25
|         +--- log4j:log4j:1.2.16
|         +--- jline:jline:0.9.94
|         \--- io.netty:netty:3.10.5.Final -> 3.10.6.Final
+--- org.apache.zookeeper:zookeeper:3.4.9 (*)
\--- org.springframework.boot:spring-boot-starter-web -> 1.5.15.RELEASE
     +--- org.springframework.boot:spring-boot-starter:1.5.15.RELEASE (*)
     +--- org.springframework.boot:spring-boot-starter-tomcat:1.5.15.RELEASE
     |    +--- org.apache.tomcat.embed:tomcat-embed-core:8.5.32
     |    |    \--- org.apache.tomcat:tomcat-annotations-api:8.5.32
     |    +--- org.apache.tomcat.embed:tomcat-embed-el:8.5.32
     |    \--- org.apache.tomcat.embed:tomcat-embed-websocket:8.5.32
     |         \--- org.apache.tomcat.embed:tomcat-embed-core:8.5.32 (*)
     +--- org.hibernate:hibernate-validator:5.3.6.Final
     |    +--- javax.validation:validation-api:1.1.0.Final
     |    +--- org.jboss.logging:jboss-logging:3.3.0.Final -> 3.3.2.Final
     |    \--- com.fasterxml:classmate:1.3.1 -> 1.3.4
     +--- com.fasterxml.jackson.core:jackson-databind:2.8.11.2 (*)
     +--- org.springframework:spring-web:4.3.18.RELEASE
     |    +--- org.springframework:spring-aop:4.3.18.RELEASE (*)
     |    +--- org.springframework:spring-beans:4.3.18.RELEASE (*)
     |    +--- org.springframework:spring-context:4.3.18.RELEASE (*)
     |    \--- org.springframework:spring-core:4.3.18.RELEASE
     \--- org.springframework:spring-webmvc:4.3.18.RELEASE
          +--- org.springframework:spring-aop:4.3.18.RELEASE (*)
          +--- org.springframework:spring-beans:4.3.18.RELEASE (*)
          +--- org.springframework:spring-context:4.3.18.RELEASE (*)
          +--- org.springframework:spring-core:4.3.18.RELEASE
          +--- org.springframework:spring-expression:4.3.18.RELEASE (*)
          \--- org.springframework:spring-web:4.3.18.RELEASE (*)

runtimeElements - Elements of runtime for main. (n)
No dependencies

runtimeOnly - Runtime only dependencies for source set 'main'. (n)
No dependencies

testAnnotationProcessor - Annotation processors and their dependencies for source set 'test'.
No dependencies

testCompileClasspath - Compile classpath for source set 'test'.
+--- org.springframework.boot:spring-boot-starter-data-elasticsearch -> 1.5.15.RELEASE
|    +--- org.springframework.boot:spring-boot-starter:1.5.15.RELEASE
|    |    +--- org.springframework.boot:spring-boot:1.5.15.RELEASE
|    |    |    +--- org.springframework:spring-core:4.3.18.RELEASE
|    |    |    \--- org.springframework:spring-context:4.3.18.RELEASE
|    |    |         +--- org.springframework:spring-aop:4.3.18.RELEASE
|    |    |         |    +--- org.springframework:spring-beans:4.3.18.RELEASE
|    |    |         |    |    \--- org.springframework:spring-core:4.3.18.RELEASE
|    |    |         |    \--- org.springframework:spring-core:4.3.18.RELEASE
|    |    |         +--- org.springframework:spring-beans:4.3.18.RELEASE (*)
|    |    |         +--- org.springframework:spring-core:4.3.18.RELEASE
|    |    |         \--- org.springframework:spring-expression:4.3.18.RELEASE
|    |    |              \--- org.springframework:spring-core:4.3.18.RELEASE
|    |    +--- org.springframework.boot:spring-boot-autoconfigure:1.5.15.RELEASE
|    |    |    \--- org.springframework.boot:spring-boot:1.5.15.RELEASE (*)
|    |    +--- org.springframework.boot:spring-boot-starter-logging:1.5.15.RELEASE
|    |    |    +--- ch.qos.logback:logback-classic:1.1.11
|    |    |    |    +--- ch.qos.logback:logback-core:1.1.11
|    |    |    |    \--- org.slf4j:slf4j-api:1.7.22 -> 1.7.25
|    |    |    +--- org.slf4j:jcl-over-slf4j:1.7.25
|    |    |    |    \--- org.slf4j:slf4j-api:1.7.25
|    |    |    +--- org.slf4j:jul-to-slf4j:1.7.25
|    |    |    |    \--- org.slf4j:slf4j-api:1.7.25
|    |    |    \--- org.slf4j:log4j-over-slf4j:1.7.25
|    |    |         \--- org.slf4j:slf4j-api:1.7.25
|    |    \--- org.springframework:spring-core:4.3.18.RELEASE
|    \--- org.springframework.data:spring-data-elasticsearch:2.1.14.RELEASE
|         +--- org.springframework:spring-context:4.3.18.RELEASE (*)
|         +--- org.springframework:spring-tx:4.3.18.RELEASE
|         |    +--- org.springframework:spring-beans:4.3.18.RELEASE (*)
|         |    \--- org.springframework:spring-core:4.3.18.RELEASE
|         +--- org.springframework.data:spring-data-commons:1.13.14.RELEASE
|         |    +--- org.springframework:spring-core:4.3.18.RELEASE
|         |    +--- org.springframework:spring-beans:4.3.18.RELEASE (*)
|         |    \--- org.slf4j:slf4j-api:1.7.25
|         +--- commons-lang:commons-lang:2.6
|         +--- joda-time:joda-time:2.9.9
|         +--- org.elasticsearch:elasticsearch:2.4.0 -> 2.4.6
|         |    +--- org.apache.lucene:lucene-core:5.5.4
|         |    +--- org.apache.lucene:lucene-backward-codecs:5.5.4
|         |    |    \--- org.apache.lucene:lucene-core:5.5.4
|         |    +--- org.apache.lucene:lucene-analyzers-common:5.5.4
|         |    |    \--- org.apache.lucene:lucene-core:5.5.4
|         |    +--- org.apache.lucene:lucene-queries:5.5.4
|         |    |    \--- org.apache.lucene:lucene-core:5.5.4
|         |    +--- org.apache.lucene:lucene-memory:5.5.4
|         |    |    \--- org.apache.lucene:lucene-core:5.5.4
|         |    +--- org.apache.lucene:lucene-highlighter:5.5.4
|         |    |    +--- org.apache.lucene:lucene-analyzers-common:5.5.4 (*)
|         |    |    +--- org.apache.lucene:lucene-core:5.5.4
|         |    |    +--- org.apache.lucene:lucene-join:5.5.4
|         |    |    |    +--- org.apache.lucene:lucene-core:5.5.4
|         |    |    |    \--- org.apache.lucene:lucene-grouping:5.5.4
|         |    |    +--- org.apache.lucene:lucene-memory:5.5.4 (*)
|         |    |    \--- org.apache.lucene:lucene-queries:5.5.4 (*)
|         |    +--- org.apache.lucene:lucene-queryparser:5.5.4
|         |    |    +--- org.apache.lucene:lucene-core:5.5.4
|         |    |    +--- org.apache.lucene:lucene-queries:5.5.4 (*)
|         |    |    \--- org.apache.lucene:lucene-sandbox:5.5.4
|         |    +--- org.apache.lucene:lucene-suggest:5.5.4
|         |    |    +--- org.apache.lucene:lucene-analyzers-common:5.5.4 (*)
|         |    |    +--- org.apache.lucene:lucene-core:5.5.4
|         |    |    +--- org.apache.lucene:lucene-misc:5.5.4
|         |    |    \--- org.apache.lucene:lucene-queries:5.5.4 (*)
|         |    +--- org.apache.lucene:lucene-join:5.5.4 (*)
|         |    +--- org.apache.lucene:lucene-spatial:5.5.4
|         |    |    +--- org.apache.lucene:lucene-core:5.5.4
|         |    |    +--- org.apache.lucene:lucene-misc:5.5.4
|         |    |    +--- org.apache.lucene:lucene-queries:5.5.4 (*)
|         |    |    +--- org.apache.lucene:lucene-spatial3d:5.5.4
|         |    |    \--- com.spatial4j:spatial4j:0.5
|         |    +--- com.google.guava:guava:18.0 -> 21.0
|         |    +--- org.elasticsearch:securesm:1.0
|         |    +--- com.carrotsearch:hppc:0.7.1
|         |    +--- joda-time:joda-time:2.9.5 -> 2.9.9
|         |    +--- com.fasterxml.jackson.core:jackson-core:2.8.1 -> 2.8.11
|         |    +--- com.fasterxml.jackson.dataformat:jackson-dataformat-smile:2.8.1 -> 2.8.11
|         |    |    \--- com.fasterxml.jackson.core:jackson-core:2.8.11
|         |    +--- com.fasterxml.jackson.dataformat:jackson-dataformat-yaml:2.8.1 -> 2.8.11
|         |    |    +--- com.fasterxml.jackson.core:jackson-core:2.8.11
|         |    |    \--- org.yaml:snakeyaml:1.17
|         |    +--- com.fasterxml.jackson.dataformat:jackson-dataformat-cbor:2.8.1 -> 2.8.11
|         |    |    \--- com.fasterxml.jackson.core:jackson-core:2.8.11
|         |    +--- org.yaml:snakeyaml:1.15 -> 1.17
|         |    +--- io.netty:netty:3.10.6.Final
|         |    +--- com.ning:compress-lzf:1.0.2
|         |    +--- com.tdunning:t-digest:3.0
|         |    +--- org.hdrhistogram:HdrHistogram:2.1.6
|         |    +--- commons-cli:commons-cli:1.3.1
|         |    \--- com.twitter:jsr166e:1.1.0
|         +--- com.fasterxml.jackson.core:jackson-core:2.8.11
|         +--- com.fasterxml.jackson.core:jackson-databind:2.8.11.2
|         |    +--- com.fasterxml.jackson.core:jackson-annotations:2.8.0
|         |    \--- com.fasterxml.jackson.core:jackson-core:2.8.10 -> 2.8.11
|         \--- org.slf4j:slf4j-api:1.7.25
+--- io.searchbox:jest:5.3.3
|    +--- io.searchbox:jest-common:5.3.3
|    |    +--- com.google.guava:guava:21.0
|    |    \--- com.google.code.gson:gson:2.8.0 -> 2.8.5
|    +--- org.apache.httpcomponents:httpcore-nio:4.4.6
|    |    \--- org.apache.httpcomponents:httpcore:4.4.6 -> 4.4.10
|    +--- org.apache.httpcomponents:httpclient:4.5.3 -> 4.5.6
|    |    \--- commons-codec:commons-codec:1.10
|    +--- org.apache.httpcomponents:httpasyncclient:4.1.3
|    \--- org.slf4j:slf4j-api:1.7.25
+--- net.java.dev.jna:jna:4.5.1
+--- com.101tec:zkclient:0.10
|    +--- org.slf4j:slf4j-api:1.6.1 -> 1.7.25
|    \--- org.apache.zookeeper:zookeeper:3.4.8 -> 3.4.9
|         +--- org.slf4j:slf4j-api:1.6.1 -> 1.7.25
|         +--- org.slf4j:slf4j-log4j12:1.6.1 -> 1.7.25
|         +--- log4j:log4j:1.2.16
|         +--- jline:jline:0.9.94
|         \--- io.netty:netty:3.10.5.Final -> 3.10.6.Final
+--- org.apache.zookeeper:zookeeper:3.4.9 (*)
+--- org.springframework.boot:spring-boot-starter-web -> 1.5.15.RELEASE
|    +--- org.springframework.boot:spring-boot-starter:1.5.15.RELEASE (*)
|    +--- org.springframework.boot:spring-boot-starter-tomcat:1.5.15.RELEASE
|    |    +--- org.apache.tomcat.embed:tomcat-embed-core:8.5.32
|    |    |    \--- org.apache.tomcat:tomcat-annotations-api:8.5.32
|    |    +--- org.apache.tomcat.embed:tomcat-embed-el:8.5.32
|    |    \--- org.apache.tomcat.embed:tomcat-embed-websocket:8.5.32
|    |         \--- org.apache.tomcat.embed:tomcat-embed-core:8.5.32 (*)
|    +--- org.hibernate:hibernate-validator:5.3.6.Final
|    |    +--- javax.validation:validation-api:1.1.0.Final
|    |    +--- org.jboss.logging:jboss-logging:3.3.0.Final -> 3.3.2.Final
|    |    \--- com.fasterxml:classmate:1.3.1 -> 1.3.4
|    +--- com.fasterxml.jackson.core:jackson-databind:2.8.11.2 (*)
|    +--- org.springframework:spring-web:4.3.18.RELEASE
|    |    +--- org.springframework:spring-aop:4.3.18.RELEASE (*)
|    |    +--- org.springframework:spring-beans:4.3.18.RELEASE (*)
|    |    +--- org.springframework:spring-context:4.3.18.RELEASE (*)
|    |    \--- org.springframework:spring-core:4.3.18.RELEASE
|    \--- org.springframework:spring-webmvc:4.3.18.RELEASE
|         +--- org.springframework:spring-aop:4.3.18.RELEASE (*)
|         +--- org.springframework:spring-beans:4.3.18.RELEASE (*)
|         +--- org.springframework:spring-context:4.3.18.RELEASE (*)
|         +--- org.springframework:spring-core:4.3.18.RELEASE
|         +--- org.springframework:spring-expression:4.3.18.RELEASE (*)
|         \--- org.springframework:spring-web:4.3.18.RELEASE (*)
\--- org.springframework.boot:spring-boot-starter-test -> 1.5.15.RELEASE
     +--- org.springframework.boot:spring-boot-test:1.5.15.RELEASE
     |    \--- org.springframework.boot:spring-boot:1.5.15.RELEASE (*)
     +--- org.springframework.boot:spring-boot-test-autoconfigure:1.5.15.RELEASE
     |    +--- org.springframework.boot:spring-boot-test:1.5.15.RELEASE (*)
     |    \--- org.springframework.boot:spring-boot-autoconfigure:1.5.15.RELEASE (*)
     +--- com.jayway.jsonpath:json-path:2.2.0
     |    +--- net.minidev:json-smart:2.2.1
     |    |    \--- net.minidev:accessors-smart:1.1
     |    |         \--- org.ow2.asm:asm:5.0.3
     |    \--- org.slf4j:slf4j-api:1.7.16 -> 1.7.25
     +--- junit:junit:4.12
     |    \--- org.hamcrest:hamcrest-core:1.3
     +--- org.assertj:assertj-core:2.6.0
     +--- org.mockito:mockito-core:1.10.19
     +--- org.hamcrest:hamcrest-core:1.3
     +--- org.hamcrest:hamcrest-library:1.3
     |    \--- org.hamcrest:hamcrest-core:1.3
     +--- org.skyscreamer:jsonassert:1.4.0
     |    \--- com.vaadin.external.google:android-json:0.0.20131108.vaadin1
     +--- org.springframework:spring-core:4.3.18.RELEASE
     \--- org.springframework:spring-test:4.3.18.RELEASE
          \--- org.springframework:spring-core:4.3.18.RELEASE

testCompileOnly - Compile only dependencies for source set 'test'. (n)
No dependencies

testImplementation - Implementation only dependencies for source set 'test'. (n)
\--- org.springframework.boot:spring-boot-starter-test (n)

testRuntimeClasspath - Runtime classpath of source set 'test'.
+--- org.springframework.boot:spring-boot-starter-data-elasticsearch -> 1.5.15.RELEASE
|    +--- org.springframework.boot:spring-boot-starter:1.5.15.RELEASE
|    |    +--- org.springframework.boot:spring-boot:1.5.15.RELEASE
|    |    |    +--- org.springframework:spring-core:4.3.18.RELEASE
|    |    |    \--- org.springframework:spring-context:4.3.18.RELEASE
|    |    |         +--- org.springframework:spring-aop:4.3.18.RELEASE
|    |    |         |    +--- org.springframework:spring-beans:4.3.18.RELEASE
|    |    |         |    |    \--- org.springframework:spring-core:4.3.18.RELEASE
|    |    |         |    \--- org.springframework:spring-core:4.3.18.RELEASE
|    |    |         +--- org.springframework:spring-beans:4.3.18.RELEASE (*)
|    |    |         +--- org.springframework:spring-core:4.3.18.RELEASE
|    |    |         \--- org.springframework:spring-expression:4.3.18.RELEASE
|    |    |              \--- org.springframework:spring-core:4.3.18.RELEASE
|    |    +--- org.springframework.boot:spring-boot-autoconfigure:1.5.15.RELEASE
|    |    |    \--- org.springframework.boot:spring-boot:1.5.15.RELEASE (*)
|    |    +--- org.springframework.boot:spring-boot-starter-logging:1.5.15.RELEASE
|    |    |    +--- ch.qos.logback:logback-classic:1.1.11
|    |    |    |    +--- ch.qos.logback:logback-core:1.1.11
|    |    |    |    \--- org.slf4j:slf4j-api:1.7.22 -> 1.7.25
|    |    |    +--- org.slf4j:jcl-over-slf4j:1.7.25
|    |    |    |    \--- org.slf4j:slf4j-api:1.7.25
|    |    |    +--- org.slf4j:jul-to-slf4j:1.7.25
|    |    |    |    \--- org.slf4j:slf4j-api:1.7.25
|    |    |    \--- org.slf4j:log4j-over-slf4j:1.7.25
|    |    |         \--- org.slf4j:slf4j-api:1.7.25
|    |    +--- org.springframework:spring-core:4.3.18.RELEASE
|    |    \--- org.yaml:snakeyaml:1.17
|    \--- org.springframework.data:spring-data-elasticsearch:2.1.14.RELEASE
|         +--- org.springframework:spring-context:4.3.18.RELEASE (*)
|         +--- org.springframework:spring-tx:4.3.18.RELEASE
|         |    +--- org.springframework:spring-beans:4.3.18.RELEASE (*)
|         |    \--- org.springframework:spring-core:4.3.18.RELEASE
|         +--- org.springframework.data:spring-data-commons:1.13.14.RELEASE
|         |    +--- org.springframework:spring-core:4.3.18.RELEASE
|         |    +--- org.springframework:spring-beans:4.3.18.RELEASE (*)
|         |    +--- org.slf4j:slf4j-api:1.7.25
|         |    \--- org.slf4j:jcl-over-slf4j:1.7.25 (*)
|         +--- commons-lang:commons-lang:2.6
|         +--- joda-time:joda-time:2.9.9
|         +--- org.elasticsearch:elasticsearch:2.4.0 -> 2.4.6
|         |    +--- org.apache.lucene:lucene-core:5.5.4
|         |    +--- org.apache.lucene:lucene-backward-codecs:5.5.4
|         |    |    \--- org.apache.lucene:lucene-core:5.5.4
|         |    +--- org.apache.lucene:lucene-analyzers-common:5.5.4
|         |    |    \--- org.apache.lucene:lucene-core:5.5.4
|         |    +--- org.apache.lucene:lucene-queries:5.5.4
|         |    |    \--- org.apache.lucene:lucene-core:5.5.4
|         |    +--- org.apache.lucene:lucene-memory:5.5.4
|         |    |    \--- org.apache.lucene:lucene-core:5.5.4
|         |    +--- org.apache.lucene:lucene-highlighter:5.5.4
|         |    |    +--- org.apache.lucene:lucene-analyzers-common:5.5.4 (*)
|         |    |    +--- org.apache.lucene:lucene-core:5.5.4
|         |    |    +--- org.apache.lucene:lucene-join:5.5.4
|         |    |    |    +--- org.apache.lucene:lucene-core:5.5.4
|         |    |    |    \--- org.apache.lucene:lucene-grouping:5.5.4
|         |    |    +--- org.apache.lucene:lucene-memory:5.5.4 (*)
|         |    |    \--- org.apache.lucene:lucene-queries:5.5.4 (*)
|         |    +--- org.apache.lucene:lucene-queryparser:5.5.4
|         |    |    +--- org.apache.lucene:lucene-core:5.5.4
|         |    |    +--- org.apache.lucene:lucene-queries:5.5.4 (*)
|         |    |    \--- org.apache.lucene:lucene-sandbox:5.5.4
|         |    +--- org.apache.lucene:lucene-suggest:5.5.4
|         |    |    +--- org.apache.lucene:lucene-analyzers-common:5.5.4 (*)
|         |    |    +--- org.apache.lucene:lucene-core:5.5.4
|         |    |    +--- org.apache.lucene:lucene-misc:5.5.4
|         |    |    \--- org.apache.lucene:lucene-queries:5.5.4 (*)
|         |    +--- org.apache.lucene:lucene-join:5.5.4 (*)
|         |    +--- org.apache.lucene:lucene-spatial:5.5.4
|         |    |    +--- org.apache.lucene:lucene-core:5.5.4
|         |    |    +--- org.apache.lucene:lucene-misc:5.5.4
|         |    |    +--- org.apache.lucene:lucene-queries:5.5.4 (*)
|         |    |    +--- org.apache.lucene:lucene-spatial3d:5.5.4
|         |    |    \--- com.spatial4j:spatial4j:0.5
|         |    +--- com.google.guava:guava:18.0 -> 21.0
|         |    +--- org.elasticsearch:securesm:1.0
|         |    +--- com.carrotsearch:hppc:0.7.1
|         |    +--- joda-time:joda-time:2.9.5 -> 2.9.9
|         |    +--- com.fasterxml.jackson.core:jackson-core:2.8.1 -> 2.8.11
|         |    +--- com.fasterxml.jackson.dataformat:jackson-dataformat-smile:2.8.1 -> 2.8.11
|         |    |    \--- com.fasterxml.jackson.core:jackson-core:2.8.11
|         |    +--- com.fasterxml.jackson.dataformat:jackson-dataformat-yaml:2.8.1 -> 2.8.11
|         |    |    +--- com.fasterxml.jackson.core:jackson-core:2.8.11
|         |    |    \--- org.yaml:snakeyaml:1.17
|         |    +--- com.fasterxml.jackson.dataformat:jackson-dataformat-cbor:2.8.1 -> 2.8.11
|         |    |    \--- com.fasterxml.jackson.core:jackson-core:2.8.11
|         |    +--- org.yaml:snakeyaml:1.15 -> 1.17
|         |    +--- io.netty:netty:3.10.6.Final
|         |    +--- com.ning:compress-lzf:1.0.2
|         |    +--- com.tdunning:t-digest:3.0
|         |    +--- org.hdrhistogram:HdrHistogram:2.1.6
|         |    +--- commons-cli:commons-cli:1.3.1
|         |    \--- com.twitter:jsr166e:1.1.0
|         +--- com.fasterxml.jackson.core:jackson-core:2.8.11
|         +--- com.fasterxml.jackson.core:jackson-databind:2.8.11.2
|         |    +--- com.fasterxml.jackson.core:jackson-annotations:2.8.0
|         |    \--- com.fasterxml.jackson.core:jackson-core:2.8.10 -> 2.8.11
|         +--- org.slf4j:slf4j-api:1.7.25
|         \--- org.slf4j:jcl-over-slf4j:1.7.25 (*)
+--- io.searchbox:jest:5.3.3
|    +--- io.searchbox:jest-common:5.3.3
|    |    +--- com.google.guava:guava:21.0
|    |    \--- com.google.code.gson:gson:2.8.0 -> 2.8.5
|    +--- org.apache.httpcomponents:httpcore-nio:4.4.6
|    |    \--- org.apache.httpcomponents:httpcore:4.4.6 -> 4.4.10
|    +--- org.apache.httpcomponents:httpclient:4.5.3 -> 4.5.6
|    |    \--- commons-codec:commons-codec:1.10
|    +--- org.apache.httpcomponents:httpasyncclient:4.1.3
|    \--- org.slf4j:slf4j-api:1.7.25
+--- net.java.dev.jna:jna:4.5.1
+--- com.101tec:zkclient:0.10
|    +--- org.slf4j:slf4j-api:1.6.1 -> 1.7.25
|    \--- org.apache.zookeeper:zookeeper:3.4.8 -> 3.4.9
|         +--- org.slf4j:slf4j-api:1.6.1 -> 1.7.25
|         +--- org.slf4j:slf4j-log4j12:1.6.1 -> 1.7.25
|         +--- log4j:log4j:1.2.16
|         +--- jline:jline:0.9.94
|         \--- io.netty:netty:3.10.5.Final -> 3.10.6.Final
+--- org.apache.zookeeper:zookeeper:3.4.9 (*)
+--- org.springframework.boot:spring-boot-starter-web -> 1.5.15.RELEASE
|    +--- org.springframework.boot:spring-boot-starter:1.5.15.RELEASE (*)
|    +--- org.springframework.boot:spring-boot-starter-tomcat:1.5.15.RELEASE
|    |    +--- org.apache.tomcat.embed:tomcat-embed-core:8.5.32
|    |    |    \--- org.apache.tomcat:tomcat-annotations-api:8.5.32
|    |    +--- org.apache.tomcat.embed:tomcat-embed-el:8.5.32
|    |    \--- org.apache.tomcat.embed:tomcat-embed-websocket:8.5.32
|    |         \--- org.apache.tomcat.embed:tomcat-embed-core:8.5.32 (*)
|    +--- org.hibernate:hibernate-validator:5.3.6.Final
|    |    +--- javax.validation:validation-api:1.1.0.Final
|    |    +--- org.jboss.logging:jboss-logging:3.3.0.Final -> 3.3.2.Final
|    |    \--- com.fasterxml:classmate:1.3.1 -> 1.3.4
|    +--- com.fasterxml.jackson.core:jackson-databind:2.8.11.2 (*)
|    +--- org.springframework:spring-web:4.3.18.RELEASE
|    |    +--- org.springframework:spring-aop:4.3.18.RELEASE (*)
|    |    +--- org.springframework:spring-beans:4.3.18.RELEASE (*)
|    |    +--- org.springframework:spring-context:4.3.18.RELEASE (*)
|    |    \--- org.springframework:spring-core:4.3.18.RELEASE
|    \--- org.springframework:spring-webmvc:4.3.18.RELEASE
|         +--- org.springframework:spring-aop:4.3.18.RELEASE (*)
|         +--- org.springframework:spring-beans:4.3.18.RELEASE (*)
|         +--- org.springframework:spring-context:4.3.18.RELEASE (*)
|         +--- org.springframework:spring-core:4.3.18.RELEASE
|         +--- org.springframework:spring-expression:4.3.18.RELEASE (*)
|         \--- org.springframework:spring-web:4.3.18.RELEASE (*)
\--- org.springframework.boot:spring-boot-starter-test -> 1.5.15.RELEASE
     +--- org.springframework.boot:spring-boot-test:1.5.15.RELEASE
     |    \--- org.springframework.boot:spring-boot:1.5.15.RELEASE (*)
     +--- org.springframework.boot:spring-boot-test-autoconfigure:1.5.15.RELEASE
     |    +--- org.springframework.boot:spring-boot-test:1.5.15.RELEASE (*)
     |    \--- org.springframework.boot:spring-boot-autoconfigure:1.5.15.RELEASE (*)
     +--- com.jayway.jsonpath:json-path:2.2.0
     |    +--- net.minidev:json-smart:2.2.1
     |    |    \--- net.minidev:accessors-smart:1.1
     |    |         \--- org.ow2.asm:asm:5.0.3
     |    \--- org.slf4j:slf4j-api:1.7.16 -> 1.7.25
     +--- junit:junit:4.12
     |    \--- org.hamcrest:hamcrest-core:1.3
     +--- org.assertj:assertj-core:2.6.0
     +--- org.mockito:mockito-core:1.10.19
     |    +--- org.hamcrest:hamcrest-core:1.1 -> 1.3
     |    \--- org.objenesis:objenesis:2.1
     +--- org.hamcrest:hamcrest-core:1.3
     +--- org.hamcrest:hamcrest-library:1.3
     |    \--- org.hamcrest:hamcrest-core:1.3
     +--- org.skyscreamer:jsonassert:1.4.0
     |    \--- com.vaadin.external.google:android-json:0.0.20131108.vaadin1
     +--- org.springframework:spring-core:4.3.18.RELEASE
     \--- org.springframework:spring-test:4.3.18.RELEASE
          \--- org.springframework:spring-core:4.3.18.RELEASE

testRuntimeOnly - Runtime only dependencies for source set 'test'. (n)
No dependencies

(*) - dependencies omitted (listed previously)

(n) - Not resolved (configuration is not meant to be resolved)

A web-based, searchable dependency report is available by adding the --scan option.
